

Started GET "/" for 10.0.2.2 at 2015-11-23 03:28:59 +0000
Processing by Rails::WelcomeController#index as HTML
  Rendered /usr/local/rvm/gems/ruby-2.1.3/gems/railties-4.1.6/lib/rails/templates/rails/welcome/index.html.erb (9.5ms)
Completed 200 OK in 90ms (Views: 53.4ms | ActiveRecord: 0.0ms)


Started GET "/welcome/index" for 10.0.2.2 at 2015-11-23 03:34:09 +0000
Processing by WelcomeController#index as HTML
  Rendered welcome/index.html.erb within layouts/application (0.3ms)
Completed 200 OK in 1733ms (Views: 1732.6ms | ActiveRecord: 0.0ms)


Started GET "/assets/application.css?body=1" for 10.0.2.2 at 2015-11-23 03:34:11 +0000


Started GET "/assets/jquery.js?body=1" for 10.0.2.2 at 2015-11-23 03:34:11 +0000


Started GET "/assets/jquery_ujs.js?body=1" for 10.0.2.2 at 2015-11-23 03:34:11 +0000


Started GET "/assets/welcome.css?body=1" for 10.0.2.2 at 2015-11-23 03:34:11 +0000


Started GET "/assets/turbolinks.js?body=1" for 10.0.2.2 at 2015-11-23 03:34:11 +0000


Started GET "/assets/welcome.js?body=1" for 10.0.2.2 at 2015-11-23 03:34:11 +0000


Started GET "/assets/application.js?body=1" for 10.0.2.2 at 2015-11-23 03:34:11 +0000


Started GET "/articles/new" for 10.0.2.2 at 2015-11-23 03:35:57 +0000

ActionController::RoutingError (uninitialized constant ArticlesController):
  activesupport (4.1.6) lib/active_support/inflector/methods.rb:238:in `const_get'
  activesupport (4.1.6) lib/active_support/inflector/methods.rb:238:in `block in constantize'
  activesupport (4.1.6) lib/active_support/inflector/methods.rb:236:in `each'
  activesupport (4.1.6) lib/active_support/inflector/methods.rb:236:in `inject'
  activesupport (4.1.6) lib/active_support/inflector/methods.rb:236:in `constantize'
  actionpack (4.1.6) lib/action_dispatch/routing/route_set.rb:78:in `controller_reference'
  actionpack (4.1.6) lib/action_dispatch/routing/route_set.rb:68:in `controller'
  actionpack (4.1.6) lib/action_dispatch/routing/route_set.rb:46:in `call'
  actionpack (4.1.6) lib/action_dispatch/journey/router.rb:73:in `block in call'
  actionpack (4.1.6) lib/action_dispatch/journey/router.rb:59:in `each'
  actionpack (4.1.6) lib/action_dispatch/journey/router.rb:59:in `call'
  actionpack (4.1.6) lib/action_dispatch/routing/route_set.rb:678:in `call'
  rack (1.5.5) lib/rack/etag.rb:23:in `call'
  rack (1.5.5) lib/rack/conditionalget.rb:25:in `call'
  rack (1.5.5) lib/rack/head.rb:11:in `call'
  actionpack (4.1.6) lib/action_dispatch/middleware/params_parser.rb:27:in `call'
  actionpack (4.1.6) lib/action_dispatch/middleware/flash.rb:254:in `call'
  rack (1.5.5) lib/rack/session/abstract/id.rb:225:in `context'
  rack (1.5.5) lib/rack/session/abstract/id.rb:220:in `call'
  actionpack (4.1.6) lib/action_dispatch/middleware/cookies.rb:560:in `call'
  activerecord (4.1.6) lib/active_record/query_cache.rb:36:in `call'
  activerecord (4.1.6) lib/active_record/connection_adapters/abstract/connection_pool.rb:621:in `call'
  activerecord (4.1.6) lib/active_record/migration.rb:380:in `call'
  actionpack (4.1.6) lib/action_dispatch/middleware/callbacks.rb:29:in `block in call'
  activesupport (4.1.6) lib/active_support/callbacks.rb:82:in `run_callbacks'
  actionpack (4.1.6) lib/action_dispatch/middleware/callbacks.rb:27:in `call'
  actionpack (4.1.6) lib/action_dispatch/middleware/reloader.rb:73:in `call'
  actionpack (4.1.6) lib/action_dispatch/middleware/remote_ip.rb:76:in `call'
  actionpack (4.1.6) lib/action_dispatch/middleware/debug_exceptions.rb:17:in `call'
  actionpack (4.1.6) lib/action_dispatch/middleware/show_exceptions.rb:30:in `call'
  railties (4.1.6) lib/rails/rack/logger.rb:38:in `call_app'
  railties (4.1.6) lib/rails/rack/logger.rb:20:in `block in call'
  activesupport (4.1.6) lib/active_support/tagged_logging.rb:68:in `block in tagged'
  activesupport (4.1.6) lib/active_support/tagged_logging.rb:26:in `tagged'
  activesupport (4.1.6) lib/active_support/tagged_logging.rb:68:in `tagged'
  railties (4.1.6) lib/rails/rack/logger.rb:20:in `call'
  actionpack (4.1.6) lib/action_dispatch/middleware/request_id.rb:21:in `call'
  rack (1.5.5) lib/rack/methodoverride.rb:21:in `call'
  rack (1.5.5) lib/rack/runtime.rb:17:in `call'
  activesupport (4.1.6) lib/active_support/cache/strategy/local_cache_middleware.rb:26:in `call'
  rack (1.5.5) lib/rack/lock.rb:17:in `call'
  actionpack (4.1.6) lib/action_dispatch/middleware/static.rb:64:in `call'
  rack (1.5.5) lib/rack/sendfile.rb:112:in `call'
  railties (4.1.6) lib/rails/engine.rb:514:in `call'
  railties (4.1.6) lib/rails/application.rb:144:in `call'
  rack (1.5.5) lib/rack/lock.rb:17:in `call'
  rack (1.5.5) lib/rack/content_length.rb:14:in `call'
  rack (1.5.5) lib/rack/handler/webrick.rb:60:in `service'
  /usr/local/rvm/rubies/ruby-2.1.3/lib/ruby/2.1.0/webrick/httpserver.rb:138:in `service'
  /usr/local/rvm/rubies/ruby-2.1.3/lib/ruby/2.1.0/webrick/httpserver.rb:94:in `run'
  /usr/local/rvm/rubies/ruby-2.1.3/lib/ruby/2.1.0/webrick/server.rb:295:in `block in start_thread'


  Rendered /usr/local/rvm/gems/ruby-2.1.3/gems/actionpack-4.1.6/lib/action_dispatch/middleware/templates/rescues/_trace.html.erb (2.1ms)
  Rendered /usr/local/rvm/gems/ruby-2.1.3/gems/actionpack-4.1.6/lib/action_dispatch/middleware/templates/routes/_route.html.erb (1.6ms)
  Rendered /usr/local/rvm/gems/ruby-2.1.3/gems/actionpack-4.1.6/lib/action_dispatch/middleware/templates/routes/_table.html.erb (47.7ms)
  Rendered /usr/local/rvm/gems/ruby-2.1.3/gems/actionpack-4.1.6/lib/action_dispatch/middleware/templates/rescues/routing_error.html.erb within rescues/layout (92.4ms)


Started GET "/articles/new" for 10.0.2.2 at 2015-11-23 03:36:50 +0000

AbstractController::ActionNotFound (The action 'new' could not be found for ArticlesController):
  actionpack (4.1.6) lib/abstract_controller/base.rb:131:in `process'
  actionview (4.1.6) lib/action_view/rendering.rb:30:in `process'
  actionpack (4.1.6) lib/action_controller/metal.rb:196:in `dispatch'
  actionpack (4.1.6) lib/action_controller/metal/rack_delegation.rb:13:in `dispatch'
  actionpack (4.1.6) lib/action_controller/metal.rb:232:in `block in action'
  actionpack (4.1.6) lib/action_dispatch/routing/route_set.rb:82:in `call'
  actionpack (4.1.6) lib/action_dispatch/routing/route_set.rb:82:in `dispatch'
  actionpack (4.1.6) lib/action_dispatch/routing/route_set.rb:50:in `call'
  actionpack (4.1.6) lib/action_dispatch/journey/router.rb:73:in `block in call'
  actionpack (4.1.6) lib/action_dispatch/journey/router.rb:59:in `each'
  actionpack (4.1.6) lib/action_dispatch/journey/router.rb:59:in `call'
  actionpack (4.1.6) lib/action_dispatch/routing/route_set.rb:678:in `call'
  rack (1.5.5) lib/rack/etag.rb:23:in `call'
  rack (1.5.5) lib/rack/conditionalget.rb:25:in `call'
  rack (1.5.5) lib/rack/head.rb:11:in `call'
  actionpack (4.1.6) lib/action_dispatch/middleware/params_parser.rb:27:in `call'
  actionpack (4.1.6) lib/action_dispatch/middleware/flash.rb:254:in `call'
  rack (1.5.5) lib/rack/session/abstract/id.rb:225:in `context'
  rack (1.5.5) lib/rack/session/abstract/id.rb:220:in `call'
  actionpack (4.1.6) lib/action_dispatch/middleware/cookies.rb:560:in `call'
  activerecord (4.1.6) lib/active_record/query_cache.rb:36:in `call'
  activerecord (4.1.6) lib/active_record/connection_adapters/abstract/connection_pool.rb:621:in `call'
  activerecord (4.1.6) lib/active_record/migration.rb:380:in `call'
  actionpack (4.1.6) lib/action_dispatch/middleware/callbacks.rb:29:in `block in call'
  activesupport (4.1.6) lib/active_support/callbacks.rb:82:in `run_callbacks'
  actionpack (4.1.6) lib/action_dispatch/middleware/callbacks.rb:27:in `call'
  actionpack (4.1.6) lib/action_dispatch/middleware/reloader.rb:73:in `call'
  actionpack (4.1.6) lib/action_dispatch/middleware/remote_ip.rb:76:in `call'
  actionpack (4.1.6) lib/action_dispatch/middleware/debug_exceptions.rb:17:in `call'
  actionpack (4.1.6) lib/action_dispatch/middleware/show_exceptions.rb:30:in `call'
  railties (4.1.6) lib/rails/rack/logger.rb:38:in `call_app'
  railties (4.1.6) lib/rails/rack/logger.rb:20:in `block in call'
  activesupport (4.1.6) lib/active_support/tagged_logging.rb:68:in `block in tagged'
  activesupport (4.1.6) lib/active_support/tagged_logging.rb:26:in `tagged'
  activesupport (4.1.6) lib/active_support/tagged_logging.rb:68:in `tagged'
  railties (4.1.6) lib/rails/rack/logger.rb:20:in `call'
  actionpack (4.1.6) lib/action_dispatch/middleware/request_id.rb:21:in `call'
  rack (1.5.5) lib/rack/methodoverride.rb:21:in `call'
  rack (1.5.5) lib/rack/runtime.rb:17:in `call'
  activesupport (4.1.6) lib/active_support/cache/strategy/local_cache_middleware.rb:26:in `call'
  rack (1.5.5) lib/rack/lock.rb:17:in `call'
  actionpack (4.1.6) lib/action_dispatch/middleware/static.rb:64:in `call'
  rack (1.5.5) lib/rack/sendfile.rb:112:in `call'
  railties (4.1.6) lib/rails/engine.rb:514:in `call'
  railties (4.1.6) lib/rails/application.rb:144:in `call'
  rack (1.5.5) lib/rack/lock.rb:17:in `call'
  rack (1.5.5) lib/rack/content_length.rb:14:in `call'
  rack (1.5.5) lib/rack/handler/webrick.rb:60:in `service'
  /usr/local/rvm/rubies/ruby-2.1.3/lib/ruby/2.1.0/webrick/httpserver.rb:138:in `service'
  /usr/local/rvm/rubies/ruby-2.1.3/lib/ruby/2.1.0/webrick/httpserver.rb:94:in `run'
  /usr/local/rvm/rubies/ruby-2.1.3/lib/ruby/2.1.0/webrick/server.rb:295:in `block in start_thread'


  Rendered /usr/local/rvm/gems/ruby-2.1.3/gems/actionpack-4.1.6/lib/action_dispatch/middleware/templates/rescues/unknown_action.html.erb within rescues/layout (0.6ms)


Started GET "/articles/new" for 10.0.2.2 at 2015-11-23 03:38:29 +0000
Processing by ArticlesController#new as HTML
  Rendered articles/new.html.erb within layouts/application (0.5ms)
Completed 200 OK in 1012ms (Views: 1011.5ms | ActiveRecord: 0.0ms)


Started GET "/assets/application.css?body=1" for 10.0.2.2 at 2015-11-23 03:38:30 +0000


Started GET "/assets/welcome.css?body=1" for 10.0.2.2 at 2015-11-23 03:38:30 +0000


Started GET "/assets/articles.css?body=1" for 10.0.2.2 at 2015-11-23 03:38:30 +0000


Started GET "/assets/jquery.js?body=1" for 10.0.2.2 at 2015-11-23 03:38:30 +0000


Started GET "/assets/jquery_ujs.js?body=1" for 10.0.2.2 at 2015-11-23 03:38:30 +0000


Started GET "/assets/turbolinks.js?body=1" for 10.0.2.2 at 2015-11-23 03:38:30 +0000


Started GET "/assets/application.js?body=1" for 10.0.2.2 at 2015-11-23 03:38:30 +0000


Started GET "/assets/welcome.js?body=1" for 10.0.2.2 at 2015-11-23 03:38:30 +0000


Started GET "/assets/articles.js?body=1" for 10.0.2.2 at 2015-11-23 03:38:30 +0000


Started GET "/articles/new" for 10.0.2.2 at 2015-11-23 03:40:34 +0000
Processing by ArticlesController#new as HTML
  Rendered articles/new.html.erb within layouts/application (104.3ms)
Completed 200 OK in 1436ms (Views: 1432.8ms | ActiveRecord: 0.0ms)


Started GET "/assets/application.css?body=1" for 10.0.2.2 at 2015-11-23 03:40:36 +0000


Started GET "/assets/welcome.css?body=1" for 10.0.2.2 at 2015-11-23 03:40:36 +0000


Started GET "/assets/articles.css?body=1" for 10.0.2.2 at 2015-11-23 03:40:36 +0000


Started GET "/assets/jquery.js?body=1" for 10.0.2.2 at 2015-11-23 03:40:36 +0000


Started GET "/assets/turbolinks.js?body=1" for 10.0.2.2 at 2015-11-23 03:40:36 +0000


Started GET "/assets/jquery_ujs.js?body=1" for 10.0.2.2 at 2015-11-23 03:40:36 +0000


Started GET "/assets/articles.js?body=1" for 10.0.2.2 at 2015-11-23 03:40:36 +0000


Started GET "/assets/welcome.js?body=1" for 10.0.2.2 at 2015-11-23 03:40:37 +0000


Started GET "/assets/application.js?body=1" for 10.0.2.2 at 2015-11-23 03:40:37 +0000


Started POST "/articles/new" for 10.0.2.2 at 2015-11-23 03:43:04 +0000

ActionController::RoutingError (No route matches [POST] "/articles/new"):
  actionpack (4.1.6) lib/action_dispatch/middleware/debug_exceptions.rb:21:in `call'
  actionpack (4.1.6) lib/action_dispatch/middleware/show_exceptions.rb:30:in `call'
  railties (4.1.6) lib/rails/rack/logger.rb:38:in `call_app'
  railties (4.1.6) lib/rails/rack/logger.rb:20:in `block in call'
  activesupport (4.1.6) lib/active_support/tagged_logging.rb:68:in `block in tagged'
  activesupport (4.1.6) lib/active_support/tagged_logging.rb:26:in `tagged'
  activesupport (4.1.6) lib/active_support/tagged_logging.rb:68:in `tagged'
  railties (4.1.6) lib/rails/rack/logger.rb:20:in `call'
  actionpack (4.1.6) lib/action_dispatch/middleware/request_id.rb:21:in `call'
  rack (1.5.5) lib/rack/methodoverride.rb:21:in `call'
  rack (1.5.5) lib/rack/runtime.rb:17:in `call'
  activesupport (4.1.6) lib/active_support/cache/strategy/local_cache_middleware.rb:26:in `call'
  rack (1.5.5) lib/rack/lock.rb:17:in `call'
  actionpack (4.1.6) lib/action_dispatch/middleware/static.rb:64:in `call'
  rack (1.5.5) lib/rack/sendfile.rb:112:in `call'
  railties (4.1.6) lib/rails/engine.rb:514:in `call'
  railties (4.1.6) lib/rails/application.rb:144:in `call'
  rack (1.5.5) lib/rack/lock.rb:17:in `call'
  rack (1.5.5) lib/rack/content_length.rb:14:in `call'
  rack (1.5.5) lib/rack/handler/webrick.rb:60:in `service'
  /usr/local/rvm/rubies/ruby-2.1.3/lib/ruby/2.1.0/webrick/httpserver.rb:138:in `service'
  /usr/local/rvm/rubies/ruby-2.1.3/lib/ruby/2.1.0/webrick/httpserver.rb:94:in `run'
  /usr/local/rvm/rubies/ruby-2.1.3/lib/ruby/2.1.0/webrick/server.rb:295:in `block in start_thread'


  Rendered /usr/local/rvm/gems/ruby-2.1.3/gems/actionpack-4.1.6/lib/action_dispatch/middleware/templates/rescues/_trace.html.erb (4.9ms)
  Rendered /usr/local/rvm/gems/ruby-2.1.3/gems/actionpack-4.1.6/lib/action_dispatch/middleware/templates/routes/_route.html.erb (9.0ms)
  Rendered /usr/local/rvm/gems/ruby-2.1.3/gems/actionpack-4.1.6/lib/action_dispatch/middleware/templates/routes/_table.html.erb (9.2ms)
  Rendered /usr/local/rvm/gems/ruby-2.1.3/gems/actionpack-4.1.6/lib/action_dispatch/middleware/templates/rescues/routing_error.html.erb within rescues/layout (107.4ms)


Started GET "/articles/new" for 10.0.2.2 at 2015-11-23 03:44:25 +0000
Processing by ArticlesController#new as HTML
  Rendered articles/new.html.erb within layouts/application (11.9ms)
Completed 200 OK in 1399ms (Views: 1396.5ms | ActiveRecord: 0.0ms)


Started GET "/assets/articles.css?body=1" for 10.0.2.2 at 2015-11-23 03:44:27 +0000


Started GET "/assets/application.css?body=1" for 10.0.2.2 at 2015-11-23 03:44:27 +0000


Started GET "/assets/turbolinks.js?body=1" for 10.0.2.2 at 2015-11-23 03:44:27 +0000


Started GET "/assets/welcome.css?body=1" for 10.0.2.2 at 2015-11-23 03:44:27 +0000


Started GET "/assets/jquery.js?body=1" for 10.0.2.2 at 2015-11-23 03:44:27 +0000


Started GET "/assets/jquery_ujs.js?body=1" for 10.0.2.2 at 2015-11-23 03:44:27 +0000


Started GET "/assets/articles.js?body=1" for 10.0.2.2 at 2015-11-23 03:44:27 +0000


Started GET "/assets/welcome.js?body=1" for 10.0.2.2 at 2015-11-23 03:44:27 +0000


Started GET "/assets/application.js?body=1" for 10.0.2.2 at 2015-11-23 03:44:27 +0000


Started POST "/articles" for 10.0.2.2 at 2015-11-23 03:44:36 +0000
Processing by ArticlesController#create as HTML
  Parameters: {"utf8"=>"✓", "authenticity_token"=>"4GpwkQQg/95+wqnLtNiam31wLnZKGS0t38BvYp73wsg=", "article"=>{"title"=>"This is a title", "text"=>"This is some text"}, "commit"=>"Save Article"}
  Rendered text template (0.1ms)
Completed 200 OK in 50ms (Views: 42.9ms | ActiveRecord: 0.0ms)
  [1m[36m (19.3ms)[0m  [1mCREATE TABLE "schema_migrations" ("version" varchar(255) NOT NULL) [0m
  [1m[35m (0.1ms)[0m  select sqlite_version(*)
  [1m[36m (27.4ms)[0m  [1mCREATE UNIQUE INDEX "unique_schema_migrations" ON "schema_migrations" ("version")[0m
  [1m[35mActiveRecord::SchemaMigration Load (4.2ms)[0m  SELECT "schema_migrations".* FROM "schema_migrations"
Migrating to CreateArticles (20151123034540)
  [1m[36m (0.1ms)[0m  [1mbegin transaction[0m
  [1m[35m (9.2ms)[0m  CREATE TABLE "articles" ("id" INTEGER PRIMARY KEY AUTOINCREMENT NOT NULL, "title" varchar(255), "text" text, "created_at" datetime, "updated_at" datetime) 
  [1m[36mSQL (2.1ms)[0m  [1mINSERT INTO "schema_migrations" ("version") VALUES (?)[0m  [["version", "20151123034540"]]
  [1m[35m (13.4ms)[0m  commit transaction
  [1m[36mActiveRecord::SchemaMigration Load (3.8ms)[0m  [1mSELECT "schema_migrations".* FROM "schema_migrations"[0m


Started GET "/articles/new" for 10.0.2.2 at 2015-11-23 03:54:47 +0000
  [1m[36mActiveRecord::SchemaMigration Load (2.6ms)[0m  [1mSELECT "schema_migrations".* FROM "schema_migrations"[0m
Processing by ArticlesController#new as HTML
  Rendered articles/new.html.erb within layouts/application (1.6ms)
Completed 200 OK in 529ms (Views: 528.1ms | ActiveRecord: 0.0ms)


Started GET "/assets/welcome.css?body=1" for 10.0.2.2 at 2015-11-23 03:54:48 +0000


Started GET "/assets/articles.css?body=1" for 10.0.2.2 at 2015-11-23 03:54:48 +0000


Started GET "/assets/application.css?body=1" for 10.0.2.2 at 2015-11-23 03:54:48 +0000


Started GET "/assets/jquery.js?body=1" for 10.0.2.2 at 2015-11-23 03:54:48 +0000


Started GET "/assets/jquery_ujs.js?body=1" for 10.0.2.2 at 2015-11-23 03:54:48 +0000


Started GET "/assets/application.js?body=1" for 10.0.2.2 at 2015-11-23 03:54:48 +0000


Started GET "/assets/welcome.js?body=1" for 10.0.2.2 at 2015-11-23 03:54:48 +0000


Started GET "/assets/articles.js?body=1" for 10.0.2.2 at 2015-11-23 03:54:48 +0000


Started GET "/assets/turbolinks.js?body=1" for 10.0.2.2 at 2015-11-23 03:54:48 +0000


Started GET "/articles/new" for 10.0.2.2 at 2015-11-23 03:54:53 +0000
Processing by ArticlesController#new as HTML
  Rendered articles/new.html.erb within layouts/application (1.6ms)
Completed 200 OK in 460ms (Views: 458.6ms | ActiveRecord: 0.0ms)


Started GET "/assets/articles.css?body=1" for 10.0.2.2 at 2015-11-23 03:54:54 +0000


Started GET "/assets/welcome.css?body=1" for 10.0.2.2 at 2015-11-23 03:54:54 +0000


Started GET "/assets/turbolinks.js?body=1" for 10.0.2.2 at 2015-11-23 03:54:54 +0000


Started GET "/assets/application.css?body=1" for 10.0.2.2 at 2015-11-23 03:54:54 +0000


Started GET "/assets/jquery.js?body=1" for 10.0.2.2 at 2015-11-23 03:54:54 +0000


Started GET "/assets/jquery_ujs.js?body=1" for 10.0.2.2 at 2015-11-23 03:54:54 +0000


Started GET "/assets/articles.js?body=1" for 10.0.2.2 at 2015-11-23 03:54:54 +0000


Started GET "/assets/welcome.js?body=1" for 10.0.2.2 at 2015-11-23 03:54:54 +0000


Started GET "/assets/application.js?body=1" for 10.0.2.2 at 2015-11-23 03:54:54 +0000


Started POST "/articles" for 10.0.2.2 at 2015-11-23 03:55:08 +0000
Processing by ArticlesController#create as HTML
  Parameters: {"utf8"=>"✓", "authenticity_token"=>"4GpwkQQg/95+wqnLtNiam31wLnZKGS0t38BvYp73wsg=", "article"=>{"title"=>"Food for thought", "text"=>"Donuts."}, "commit"=>"Save Article"}
  [1m[35m (0.6ms)[0m  begin transaction
  [1m[36mSQL (19.1ms)[0m  [1mINSERT INTO "articles" ("created_at", "text", "title", "updated_at") VALUES (?, ?, ?, ?)[0m  [["created_at", "2015-11-23 03:55:08.992414"], ["text", "Donuts."], ["title", "Food for thought"], ["updated_at", "2015-11-23 03:55:08.992414"]]
  [1m[35m (22.8ms)[0m  commit transaction
Redirected to http://localhost:3000/articles/1
Completed 302 Found in 289ms (ActiveRecord: 54.9ms)


Started GET "/articles/1" for 10.0.2.2 at 2015-11-23 03:55:09 +0000
Processing by ArticlesController#show as HTML
  Parameters: {"id"=>"1"}
  [1m[36mArticle Load (6.2ms)[0m  [1mSELECT  "articles".* FROM "articles"  WHERE "articles"."id" = ? LIMIT 1[0m  [["id", 1]]
  Rendered articles/show.html.erb within layouts/application (0.7ms)
Completed 200 OK in 513ms (Views: 501.3ms | ActiveRecord: 6.2ms)


Started GET "/assets/application.css?body=1" for 10.0.2.2 at 2015-11-23 03:55:09 +0000


Started GET "/assets/turbolinks.js?body=1" for 10.0.2.2 at 2015-11-23 03:55:09 +0000


Started GET "/assets/jquery_ujs.js?body=1" for 10.0.2.2 at 2015-11-23 03:55:09 +0000


Started GET "/assets/jquery.js?body=1" for 10.0.2.2 at 2015-11-23 03:55:10 +0000


Started GET "/assets/welcome.css?body=1" for 10.0.2.2 at 2015-11-23 03:55:10 +0000


Started GET "/assets/articles.css?body=1" for 10.0.2.2 at 2015-11-23 03:55:10 +0000


Started GET "/assets/articles.js?body=1" for 10.0.2.2 at 2015-11-23 03:55:10 +0000


Started GET "/assets/welcome.js?body=1" for 10.0.2.2 at 2015-11-23 03:55:10 +0000


Started GET "/assets/application.js?body=1" for 10.0.2.2 at 2015-11-23 03:55:10 +0000


Started GET "/articles" for 10.0.2.2 at 2015-11-23 03:59:18 +0000
Processing by ArticlesController#index as HTML
Completed 500 Internal Server Error in 89ms

ActionView::MissingTemplate (Missing template articles/index, application/index with {:locale=>[:en], :formats=>[:html], :variants=>[], :handlers=>[:erb, :builder, :raw, :ruby, :coffee, :jbuilder]}. Searched in:
  * "/vagrant/lighthouse-labs/tutorial_blog/app/views"
):
  actionview (4.1.6) lib/action_view/path_set.rb:46:in `find'
  actionview (4.1.6) lib/action_view/lookup_context.rb:124:in `find'
  actionview (4.1.6) lib/action_view/renderer/abstract_renderer.rb:18:in `find_template'
  actionview (4.1.6) lib/action_view/renderer/template_renderer.rb:41:in `determine_template'
  actionview (4.1.6) lib/action_view/renderer/template_renderer.rb:8:in `render'
  actionview (4.1.6) lib/action_view/renderer/renderer.rb:42:in `render_template'
  actionview (4.1.6) lib/action_view/renderer/renderer.rb:23:in `render'
  actionview (4.1.6) lib/action_view/rendering.rb:99:in `_render_template'
  actionpack (4.1.6) lib/action_controller/metal/streaming.rb:217:in `_render_template'
  actionview (4.1.6) lib/action_view/rendering.rb:82:in `render_to_body'
  actionpack (4.1.6) lib/action_controller/metal/rendering.rb:32:in `render_to_body'
  actionpack (4.1.6) lib/action_controller/metal/renderers.rb:32:in `render_to_body'
  actionpack (4.1.6) lib/abstract_controller/rendering.rb:25:in `render'
  actionpack (4.1.6) lib/action_controller/metal/rendering.rb:16:in `render'
  actionpack (4.1.6) lib/action_controller/metal/instrumentation.rb:41:in `block (2 levels) in render'
  activesupport (4.1.6) lib/active_support/core_ext/benchmark.rb:12:in `block in ms'
  /usr/local/rvm/rubies/ruby-2.1.3/lib/ruby/2.1.0/benchmark.rb:294:in `realtime'
  activesupport (4.1.6) lib/active_support/core_ext/benchmark.rb:12:in `ms'
  actionpack (4.1.6) lib/action_controller/metal/instrumentation.rb:41:in `block in render'
  actionpack (4.1.6) lib/action_controller/metal/instrumentation.rb:84:in `cleanup_view_runtime'
  activerecord (4.1.6) lib/active_record/railties/controller_runtime.rb:25:in `cleanup_view_runtime'
  actionpack (4.1.6) lib/action_controller/metal/instrumentation.rb:40:in `render'
  actionpack (4.1.6) lib/action_controller/metal/implicit_render.rb:10:in `default_render'
  actionpack (4.1.6) lib/action_controller/metal/implicit_render.rb:5:in `send_action'
  actionpack (4.1.6) lib/abstract_controller/base.rb:189:in `process_action'
  actionpack (4.1.6) lib/action_controller/metal/rendering.rb:10:in `process_action'
  actionpack (4.1.6) lib/abstract_controller/callbacks.rb:20:in `block in process_action'
  activesupport (4.1.6) lib/active_support/callbacks.rb:113:in `call'
  activesupport (4.1.6) lib/active_support/callbacks.rb:113:in `call'
  activesupport (4.1.6) lib/active_support/callbacks.rb:229:in `block in halting'
  activesupport (4.1.6) lib/active_support/callbacks.rb:229:in `call'
  activesupport (4.1.6) lib/active_support/callbacks.rb:229:in `block in halting'
  activesupport (4.1.6) lib/active_support/callbacks.rb:166:in `call'
  activesupport (4.1.6) lib/active_support/callbacks.rb:166:in `block in halting'
  activesupport (4.1.6) lib/active_support/callbacks.rb:166:in `call'
  activesupport (4.1.6) lib/active_support/callbacks.rb:166:in `block in halting'
  activesupport (4.1.6) lib/active_support/callbacks.rb:166:in `call'
  activesupport (4.1.6) lib/active_support/callbacks.rb:166:in `block in halting'
  activesupport (4.1.6) lib/active_support/callbacks.rb:86:in `call'
  activesupport (4.1.6) lib/active_support/callbacks.rb:86:in `run_callbacks'
  actionpack (4.1.6) lib/abstract_controller/callbacks.rb:19:in `process_action'
  actionpack (4.1.6) lib/action_controller/metal/rescue.rb:29:in `process_action'
  actionpack (4.1.6) lib/action_controller/metal/instrumentation.rb:31:in `block in process_action'
  activesupport (4.1.6) lib/active_support/notifications.rb:159:in `block in instrument'
  activesupport (4.1.6) lib/active_support/notifications/instrumenter.rb:20:in `instrument'
  activesupport (4.1.6) lib/active_support/notifications.rb:159:in `instrument'
  actionpack (4.1.6) lib/action_controller/metal/instrumentation.rb:30:in `process_action'
  actionpack (4.1.6) lib/action_controller/metal/params_wrapper.rb:250:in `process_action'
  activerecord (4.1.6) lib/active_record/railties/controller_runtime.rb:18:in `process_action'
  actionpack (4.1.6) lib/abstract_controller/base.rb:136:in `process'
  actionview (4.1.6) lib/action_view/rendering.rb:30:in `process'
  actionpack (4.1.6) lib/action_controller/metal.rb:196:in `dispatch'
  actionpack (4.1.6) lib/action_controller/metal/rack_delegation.rb:13:in `dispatch'
  actionpack (4.1.6) lib/action_controller/metal.rb:232:in `block in action'
  actionpack (4.1.6) lib/action_dispatch/routing/route_set.rb:82:in `call'
  actionpack (4.1.6) lib/action_dispatch/routing/route_set.rb:82:in `dispatch'
  actionpack (4.1.6) lib/action_dispatch/routing/route_set.rb:50:in `call'
  actionpack (4.1.6) lib/action_dispatch/journey/router.rb:73:in `block in call'
  actionpack (4.1.6) lib/action_dispatch/journey/router.rb:59:in `each'
  actionpack (4.1.6) lib/action_dispatch/journey/router.rb:59:in `call'
  actionpack (4.1.6) lib/action_dispatch/routing/route_set.rb:678:in `call'
  rack (1.5.5) lib/rack/etag.rb:23:in `call'
  rack (1.5.5) lib/rack/conditionalget.rb:25:in `call'
  rack (1.5.5) lib/rack/head.rb:11:in `call'
  actionpack (4.1.6) lib/action_dispatch/middleware/params_parser.rb:27:in `call'
  actionpack (4.1.6) lib/action_dispatch/middleware/flash.rb:254:in `call'
  rack (1.5.5) lib/rack/session/abstract/id.rb:225:in `context'
  rack (1.5.5) lib/rack/session/abstract/id.rb:220:in `call'
  actionpack (4.1.6) lib/action_dispatch/middleware/cookies.rb:560:in `call'
  activerecord (4.1.6) lib/active_record/query_cache.rb:36:in `call'
  activerecord (4.1.6) lib/active_record/connection_adapters/abstract/connection_pool.rb:621:in `call'
  activerecord (4.1.6) lib/active_record/migration.rb:380:in `call'
  actionpack (4.1.6) lib/action_dispatch/middleware/callbacks.rb:29:in `block in call'
  activesupport (4.1.6) lib/active_support/callbacks.rb:82:in `run_callbacks'
  actionpack (4.1.6) lib/action_dispatch/middleware/callbacks.rb:27:in `call'
  actionpack (4.1.6) lib/action_dispatch/middleware/reloader.rb:73:in `call'
  actionpack (4.1.6) lib/action_dispatch/middleware/remote_ip.rb:76:in `call'
  actionpack (4.1.6) lib/action_dispatch/middleware/debug_exceptions.rb:17:in `call'
  actionpack (4.1.6) lib/action_dispatch/middleware/show_exceptions.rb:30:in `call'
  railties (4.1.6) lib/rails/rack/logger.rb:38:in `call_app'
  railties (4.1.6) lib/rails/rack/logger.rb:20:in `block in call'
  activesupport (4.1.6) lib/active_support/tagged_logging.rb:68:in `block in tagged'
  activesupport (4.1.6) lib/active_support/tagged_logging.rb:26:in `tagged'
  activesupport (4.1.6) lib/active_support/tagged_logging.rb:68:in `tagged'
  railties (4.1.6) lib/rails/rack/logger.rb:20:in `call'
  actionpack (4.1.6) lib/action_dispatch/middleware/request_id.rb:21:in `call'
  rack (1.5.5) lib/rack/methodoverride.rb:21:in `call'
  rack (1.5.5) lib/rack/runtime.rb:17:in `call'
  activesupport (4.1.6) lib/active_support/cache/strategy/local_cache_middleware.rb:26:in `call'
  rack (1.5.5) lib/rack/lock.rb:17:in `call'
  actionpack (4.1.6) lib/action_dispatch/middleware/static.rb:64:in `call'
  rack (1.5.5) lib/rack/sendfile.rb:112:in `call'
  railties (4.1.6) lib/rails/engine.rb:514:in `call'
  railties (4.1.6) lib/rails/application.rb:144:in `call'
  rack (1.5.5) lib/rack/lock.rb:17:in `call'
  rack (1.5.5) lib/rack/content_length.rb:14:in `call'
  rack (1.5.5) lib/rack/handler/webrick.rb:60:in `service'
  /usr/local/rvm/rubies/ruby-2.1.3/lib/ruby/2.1.0/webrick/httpserver.rb:138:in `service'
  /usr/local/rvm/rubies/ruby-2.1.3/lib/ruby/2.1.0/webrick/httpserver.rb:94:in `run'
  /usr/local/rvm/rubies/ruby-2.1.3/lib/ruby/2.1.0/webrick/server.rb:295:in `block in start_thread'


  Rendered /usr/local/rvm/gems/ruby-2.1.3/gems/actionpack-4.1.6/lib/action_dispatch/middleware/templates/rescues/missing_template.html.erb within rescues/layout (0.5ms)


Started GET "/articles" for 10.0.2.2 at 2015-11-23 04:00:00 +0000
Processing by ArticlesController#index as HTML
  Rendered articles/index.html.erb within layouts/application (112.8ms)
Completed 500 Internal Server Error in 458ms

ActionView::Template::Error (undefined method `each' for nil:NilClass):
     6:     <th>Text</th>
     7:   </tr>
     8: 
     9:   <% @articles.each do |article| %>
    10:     <tr>
    11:       <td><%= article.title %></td>
    12:       <td><%= article.text %></td>
  app/views/articles/index.html.erb:9:in `_app_views_articles_index_html_erb__42401500_88037540'


  Rendered /usr/local/rvm/gems/ruby-2.1.3/gems/actionpack-4.1.6/lib/action_dispatch/middleware/templates/rescues/_trace.html.erb (3.2ms)
  Rendered /usr/local/rvm/gems/ruby-2.1.3/gems/actionpack-4.1.6/lib/action_dispatch/middleware/templates/rescues/_request_and_response.html.erb (2.5ms)
  Rendered /usr/local/rvm/gems/ruby-2.1.3/gems/actionpack-4.1.6/lib/action_dispatch/middleware/templates/rescues/template_error.html.erb within rescues/layout (36.1ms)


Started GET "/articles" for 10.0.2.2 at 2015-11-23 04:00:08 +0000
Processing by ArticlesController#index as HTML
  Rendered articles/index.html.erb within layouts/application (124.2ms)
Completed 500 Internal Server Error in 488ms

ActionView::Template::Error (undefined method `each' for nil:NilClass):
     6:     <th>Text</th>
     7:   </tr>
     8: 
     9:   <% @articles.each do |article| %>
    10:     <tr>
    11:       <td><%= article.title %></td>
    12:       <td><%= article.text %></td>
  app/views/articles/index.html.erb:9:in `_app_views_articles_index_html_erb__42401500_88037540'


  Rendered /usr/local/rvm/gems/ruby-2.1.3/gems/actionpack-4.1.6/lib/action_dispatch/middleware/templates/rescues/_trace.html.erb (5.4ms)
  Rendered /usr/local/rvm/gems/ruby-2.1.3/gems/actionpack-4.1.6/lib/action_dispatch/middleware/templates/rescues/_request_and_response.html.erb (3.7ms)
  Rendered /usr/local/rvm/gems/ruby-2.1.3/gems/actionpack-4.1.6/lib/action_dispatch/middleware/templates/rescues/template_error.html.erb within rescues/layout (44.5ms)


Started GET "/articles" for 10.0.2.2 at 2015-11-23 04:00:16 +0000
Processing by ArticlesController#index as HTML
  [1m[35mArticle Load (6.7ms)[0m  SELECT "articles".* FROM "articles"
  Rendered articles/index.html.erb within layouts/application (16.8ms)
Completed 200 OK in 697ms (Views: 633.6ms | ActiveRecord: 10.1ms)


Started GET "/assets/welcome.css?body=1" for 10.0.2.2 at 2015-11-23 04:00:17 +0000


Started GET "/assets/application.css?body=1" for 10.0.2.2 at 2015-11-23 04:00:17 +0000


Started GET "/assets/jquery.js?body=1" for 10.0.2.2 at 2015-11-23 04:00:17 +0000


Started GET "/assets/jquery_ujs.js?body=1" for 10.0.2.2 at 2015-11-23 04:00:18 +0000


Started GET "/assets/articles.css?body=1" for 10.0.2.2 at 2015-11-23 04:00:18 +0000


Started GET "/assets/turbolinks.js?body=1" for 10.0.2.2 at 2015-11-23 04:00:18 +0000


Started GET "/assets/articles.js?body=1" for 10.0.2.2 at 2015-11-23 04:00:18 +0000


Started GET "/assets/welcome.js?body=1" for 10.0.2.2 at 2015-11-23 04:00:18 +0000


Started GET "/assets/application.js?body=1" for 10.0.2.2 at 2015-11-23 04:00:18 +0000


Started GET "/articles" for 10.0.2.2 at 2015-11-23 04:10:37 +0000
Processing by ArticlesController#index as HTML
  [1m[36mArticle Load (6.9ms)[0m  [1mSELECT "articles".* FROM "articles"[0m
  Rendered articles/index.html.erb within layouts/application (13.8ms)
Completed 200 OK in 1417ms (Views: 1406.8ms | ActiveRecord: 6.9ms)


Started GET "/assets/application.css?body=1" for 10.0.2.2 at 2015-11-23 04:10:38 +0000


Started GET "/assets/welcome.css?body=1" for 10.0.2.2 at 2015-11-23 04:10:39 +0000


Started GET "/assets/articles.css?body=1" for 10.0.2.2 at 2015-11-23 04:10:39 +0000


Started GET "/assets/jquery.js?body=1" for 10.0.2.2 at 2015-11-23 04:10:39 +0000


Started GET "/assets/jquery_ujs.js?body=1" for 10.0.2.2 at 2015-11-23 04:10:39 +0000


Started GET "/assets/turbolinks.js?body=1" for 10.0.2.2 at 2015-11-23 04:10:39 +0000


Started GET "/assets/articles.js?body=1" for 10.0.2.2 at 2015-11-23 04:10:39 +0000


Started GET "/assets/welcome.js?body=1" for 10.0.2.2 at 2015-11-23 04:10:39 +0000


Started GET "/assets/application.js?body=1" for 10.0.2.2 at 2015-11-23 04:10:40 +0000


Started GET "/articles/new" for 10.0.2.2 at 2015-11-23 04:10:41 +0000
Processing by ArticlesController#new as HTML
  Rendered articles/new.html.erb within layouts/application (3.9ms)
Completed 200 OK in 917ms (Views: 914.4ms | ActiveRecord: 0.0ms)


Started POST "/articles" for 10.0.2.2 at 2015-11-23 04:10:51 +0000
Processing by ArticlesController#create as HTML
  Parameters: {"utf8"=>"✓", "authenticity_token"=>"4GpwkQQg/95+wqnLtNiam31wLnZKGS0t38BvYp73wsg=", "article"=>{"title"=>"Boots?", "text"=>"Lots of boots"}, "commit"=>"Save Article"}
  [1m[35m (0.2ms)[0m  begin transaction
  [1m[36mSQL (19.7ms)[0m  [1mINSERT INTO "articles" ("created_at", "text", "title", "updated_at") VALUES (?, ?, ?, ?)[0m  [["created_at", "2015-11-23 04:10:51.861586"], ["text", "Lots of boots"], ["title", "Boots?"], ["updated_at", "2015-11-23 04:10:51.861586"]]
  [1m[35m (27.1ms)[0m  commit transaction
Redirected to http://localhost:3000/articles/2
Completed 302 Found in 80ms (ActiveRecord: 47.1ms)


Started GET "/articles/2" for 10.0.2.2 at 2015-11-23 04:10:51 +0000
Processing by ArticlesController#show as HTML
  Parameters: {"id"=>"2"}
  [1m[36mArticle Load (6.9ms)[0m  [1mSELECT  "articles".* FROM "articles"  WHERE "articles"."id" = ? LIMIT 1[0m  [["id", 2]]
  Rendered articles/show.html.erb within layouts/application (0.2ms)
Completed 200 OK in 486ms (Views: 477.0ms | ActiveRecord: 6.9ms)


Started GET "/assets/welcome.css?body=1" for 10.0.2.2 at 2015-11-23 04:10:52 +0000


Started GET "/assets/application.css?body=1" for 10.0.2.2 at 2015-11-23 04:10:52 +0000


Started GET "/assets/articles.css?body=1" for 10.0.2.2 at 2015-11-23 04:10:52 +0000


Started GET "/assets/jquery_ujs.js?body=1" for 10.0.2.2 at 2015-11-23 04:10:52 +0000


Started GET "/assets/turbolinks.js?body=1" for 10.0.2.2 at 2015-11-23 04:10:52 +0000


Started GET "/assets/jquery.js?body=1" for 10.0.2.2 at 2015-11-23 04:10:52 +0000


Started GET "/assets/articles.js?body=1" for 10.0.2.2 at 2015-11-23 04:10:52 +0000


Started GET "/assets/welcome.js?body=1" for 10.0.2.2 at 2015-11-23 04:10:53 +0000


Started GET "/assets/application.js?body=1" for 10.0.2.2 at 2015-11-23 04:10:53 +0000


Started GET "/articles" for 10.0.2.2 at 2015-11-23 04:10:58 +0000
Processing by ArticlesController#index as HTML
  [1m[35mArticle Load (2.7ms)[0m  SELECT "articles".* FROM "articles"
  Rendered articles/index.html.erb within layouts/application (4.1ms)
Completed 200 OK in 394ms (Views: 390.2ms | ActiveRecord: 2.7ms)


Started GET "/assets/welcome.css?body=1" for 10.0.2.2 at 2015-11-23 04:10:58 +0000


Started GET "/assets/application.css?body=1" for 10.0.2.2 at 2015-11-23 04:10:58 +0000


Started GET "/assets/articles.css?body=1" for 10.0.2.2 at 2015-11-23 04:10:58 +0000


Started GET "/assets/jquery.js?body=1" for 10.0.2.2 at 2015-11-23 04:10:58 +0000


Started GET "/assets/jquery_ujs.js?body=1" for 10.0.2.2 at 2015-11-23 04:10:58 +0000


Started GET "/assets/turbolinks.js?body=1" for 10.0.2.2 at 2015-11-23 04:10:58 +0000


Started GET "/assets/articles.js?body=1" for 10.0.2.2 at 2015-11-23 04:10:59 +0000


Started GET "/assets/welcome.js?body=1" for 10.0.2.2 at 2015-11-23 04:10:59 +0000


Started GET "/assets/application.js?body=1" for 10.0.2.2 at 2015-11-23 04:10:59 +0000


Started GET "/articles/new" for 10.0.2.2 at 2015-11-23 04:18:02 +0000
Processing by ArticlesController#new as HTML
  Rendered articles/new.html.erb within layouts/application (5.8ms)
Completed 200 OK in 525ms (Views: 492.3ms | ActiveRecord: 6.1ms)


Started GET "/assets/application.css?body=1" for 10.0.2.2 at 2015-11-23 04:18:02 +0000


Started GET "/assets/jquery.js?body=1" for 10.0.2.2 at 2015-11-23 04:18:03 +0000


Started GET "/assets/jquery_ujs.js?body=1" for 10.0.2.2 at 2015-11-23 04:18:03 +0000


Started GET "/assets/welcome.css?body=1" for 10.0.2.2 at 2015-11-23 04:18:03 +0000


Started GET "/assets/articles.css?body=1" for 10.0.2.2 at 2015-11-23 04:18:03 +0000


Started GET "/assets/turbolinks.js?body=1" for 10.0.2.2 at 2015-11-23 04:18:03 +0000


Started GET "/assets/articles.js?body=1" for 10.0.2.2 at 2015-11-23 04:18:03 +0000


Started GET "/assets/welcome.js?body=1" for 10.0.2.2 at 2015-11-23 04:18:03 +0000


Started GET "/assets/application.js?body=1" for 10.0.2.2 at 2015-11-23 04:18:03 +0000


Started POST "/articles" for 10.0.2.2 at 2015-11-23 04:18:06 +0000
Processing by ArticlesController#create as HTML
  Parameters: {"utf8"=>"✓", "authenticity_token"=>"4GpwkQQg/95+wqnLtNiam31wLnZKGS0t38BvYp73wsg=", "article"=>{"title"=>"", "text"=>"Boo"}, "commit"=>"Save Article"}
  [1m[36m (0.6ms)[0m  [1mbegin transaction[0m
  [1m[35m (0.5ms)[0m  rollback transaction
  Rendered articles/new.html.erb within layouts/application (115.7ms)
Completed 500 Internal Server Error in 490ms

ActionView::Template::Error (undefined method `errors' for nil:NilClass):
     5:   <% if @article.errors.any? %>
     6:     <div id="error_explanation">
     7:       <h2>
     8:         <%= pluralize(@articles.errors.count, "error") %> prohibited this article from being saved:
     9:       </h2>
    10:       <ul>
    11:         <% @article.errors.full_messages.each do |msg| %>
  app/views/articles/new.html.erb:8:in `block in _app_views_articles_new_html_erb___438110827_100081400'
  app/views/articles/new.html.erb:3:in `_app_views_articles_new_html_erb___438110827_100081400'
  app/controllers/articles_controller.rb:21:in `create'


  Rendered /usr/local/rvm/gems/ruby-2.1.3/gems/actionpack-4.1.6/lib/action_dispatch/middleware/templates/rescues/_trace.html.erb (5.4ms)
  Rendered /usr/local/rvm/gems/ruby-2.1.3/gems/actionpack-4.1.6/lib/action_dispatch/middleware/templates/rescues/_request_and_response.html.erb (4.5ms)
  Rendered /usr/local/rvm/gems/ruby-2.1.3/gems/actionpack-4.1.6/lib/action_dispatch/middleware/templates/rescues/template_error.html.erb within rescues/layout (47.7ms)


Started POST "/articles" for 10.0.2.2 at 2015-11-23 04:19:43 +0000
Processing by ArticlesController#create as HTML
  Parameters: {"utf8"=>"✓", "authenticity_token"=>"4GpwkQQg/95+wqnLtNiam31wLnZKGS0t38BvYp73wsg=", "article"=>{"title"=>"", "text"=>"Boo"}, "commit"=>"Save Article"}
  [1m[36m (0.2ms)[0m  [1mbegin transaction[0m
  [1m[35m (0.2ms)[0m  rollback transaction
  Rendered articles/new.html.erb within layouts/application (10.8ms)
Completed 200 OK in 821ms (Views: 807.3ms | ActiveRecord: 0.4ms)


Started GET "/assets/welcome.css?body=1" for 10.0.2.2 at 2015-11-23 04:19:44 +0000


Started GET "/assets/application.css?body=1" for 10.0.2.2 at 2015-11-23 04:19:44 +0000


Started GET "/assets/articles.css?body=1" for 10.0.2.2 at 2015-11-23 04:19:44 +0000


Started GET "/assets/jquery.js?body=1" for 10.0.2.2 at 2015-11-23 04:19:44 +0000


Started GET "/assets/jquery_ujs.js?body=1" for 10.0.2.2 at 2015-11-23 04:19:44 +0000


Started GET "/assets/turbolinks.js?body=1" for 10.0.2.2 at 2015-11-23 04:19:44 +0000


Started GET "/assets/articles.js?body=1" for 10.0.2.2 at 2015-11-23 04:19:45 +0000


Started GET "/assets/welcome.js?body=1" for 10.0.2.2 at 2015-11-23 04:19:45 +0000


Started GET "/assets/application.js?body=1" for 10.0.2.2 at 2015-11-23 04:19:45 +0000


Started GET "/articles" for 10.0.2.2 at 2015-11-23 04:35:07 +0000
Processing by ArticlesController#index as HTML
  [1m[36mArticle Load (13.7ms)[0m  [1mSELECT "articles".* FROM "articles"[0m
  Rendered articles/index.html.erb within layouts/application (54.4ms)
Completed 200 OK in 1396ms (Views: 1283.8ms | ActiveRecord: 23.2ms)


Started GET "/assets/welcome.css?body=1" for 10.0.2.2 at 2015-11-23 04:35:09 +0000


Started GET "/assets/jquery.js?body=1" for 10.0.2.2 at 2015-11-23 04:35:09 +0000


Started GET "/assets/articles.css?body=1" for 10.0.2.2 at 2015-11-23 04:35:09 +0000


Started GET "/assets/application.css?body=1" for 10.0.2.2 at 2015-11-23 04:35:10 +0000


Started GET "/assets/jquery_ujs.js?body=1" for 10.0.2.2 at 2015-11-23 04:35:10 +0000


Started GET "/assets/turbolinks.js?body=1" for 10.0.2.2 at 2015-11-23 04:35:10 +0000


Started GET "/assets/articles.js?body=1" for 10.0.2.2 at 2015-11-23 04:35:10 +0000


Started GET "/assets/welcome.js?body=1" for 10.0.2.2 at 2015-11-23 04:35:10 +0000


Started GET "/assets/application.js?body=1" for 10.0.2.2 at 2015-11-23 04:35:10 +0000


Started GET "/articles/1" for 10.0.2.2 at 2015-11-23 04:35:12 +0000
Processing by ArticlesController#show as HTML
  Parameters: {"id"=>"1"}
  [1m[35mArticle Load (7.4ms)[0m  SELECT  "articles".* FROM "articles"  WHERE "articles"."id" = ? LIMIT 1  [["id", 1]]
  Rendered articles/show.html.erb within layouts/application (2.7ms)
Completed 200 OK in 1205ms (Views: 1190.2ms | ActiveRecord: 7.4ms)


Started GET "/articles/1/edit" for 10.0.2.2 at 2015-11-23 04:35:17 +0000
Processing by ArticlesController#edit as HTML
  Parameters: {"id"=>"1"}
  [1m[36mArticle Load (6.9ms)[0m  [1mSELECT  "articles".* FROM "articles"  WHERE "articles"."id" = ? LIMIT 1[0m  [["id", 1]]
  Rendered articles/edit.html.erb within layouts/application (7.3ms)
Completed 200 OK in 845ms (Views: 830.4ms | ActiveRecord: 6.9ms)


Started GET "/articles" for 10.0.2.2 at 2015-11-23 04:42:49 +0000
Processing by ArticlesController#index as HTML
  [1m[35mArticle Load (9.5ms)[0m  SELECT "articles".* FROM "articles"
  Rendered articles/index.html.erb within layouts/application (26.3ms)
Completed 200 OK in 896ms (Views: 822.5ms | ActiveRecord: 14.5ms)


Started GET "/assets/application.css?body=1" for 10.0.2.2 at 2015-11-23 04:42:51 +0000


Started GET "/assets/jquery_ujs.js?body=1" for 10.0.2.2 at 2015-11-23 04:42:51 +0000


Started GET "/assets/jquery.js?body=1" for 10.0.2.2 at 2015-11-23 04:42:51 +0000


Started GET "/assets/welcome.css?body=1" for 10.0.2.2 at 2015-11-23 04:42:51 +0000


Started GET "/assets/articles.css?body=1" for 10.0.2.2 at 2015-11-23 04:42:51 +0000


Started GET "/assets/turbolinks.js?body=1" for 10.0.2.2 at 2015-11-23 04:42:52 +0000


Started GET "/assets/articles.js?body=1" for 10.0.2.2 at 2015-11-23 04:42:52 +0000


Started GET "/assets/welcome.js?body=1" for 10.0.2.2 at 2015-11-23 04:42:52 +0000


Started GET "/assets/application.js?body=1" for 10.0.2.2 at 2015-11-23 04:42:52 +0000


Started DELETE "/articles/2" for 10.0.2.2 at 2015-11-23 04:42:54 +0000
Processing by ArticlesController#destroy as HTML
  Parameters: {"authenticity_token"=>"4GpwkQQg/95+wqnLtNiam31wLnZKGS0t38BvYp73wsg=", "id"=>"2"}
  [1m[36mArticle Load (3.3ms)[0m  [1mSELECT  "articles".* FROM "articles"  WHERE "articles"."id" = ? LIMIT 1[0m  [["id", 2]]
  [1m[35m (0.1ms)[0m  begin transaction
  [1m[36mSQL (6.8ms)[0m  [1mDELETE FROM "articles" WHERE "articles"."id" = ?[0m  [["id", 2]]
  [1m[35m (13.3ms)[0m  commit transaction
Redirected to http://localhost:3000/articles
Completed 302 Found in 34ms (ActiveRecord: 23.6ms)


Started GET "/articles" for 10.0.2.2 at 2015-11-23 04:42:54 +0000
Processing by ArticlesController#index as HTML
  [1m[36mArticle Load (6.7ms)[0m  [1mSELECT "articles".* FROM "articles"[0m
  Rendered articles/index.html.erb within layouts/application (8.8ms)
Completed 200 OK in 595ms (Views: 587.3ms | ActiveRecord: 6.7ms)


Started GET "/assets/welcome.css?body=1" for 10.0.2.2 at 2015-11-23 04:42:55 +0000


Started GET "/assets/application.css?body=1" for 10.0.2.2 at 2015-11-23 04:42:55 +0000


Started GET "/assets/articles.css?body=1" for 10.0.2.2 at 2015-11-23 04:42:55 +0000


Started GET "/assets/jquery.js?body=1" for 10.0.2.2 at 2015-11-23 04:42:55 +0000


Started GET "/assets/jquery_ujs.js?body=1" for 10.0.2.2 at 2015-11-23 04:42:55 +0000


Started GET "/assets/turbolinks.js?body=1" for 10.0.2.2 at 2015-11-23 04:42:56 +0000


Started GET "/assets/articles.js?body=1" for 10.0.2.2 at 2015-11-23 04:42:56 +0000


Started GET "/assets/welcome.js?body=1" for 10.0.2.2 at 2015-11-23 04:42:56 +0000


Started GET "/assets/application.js?body=1" for 10.0.2.2 at 2015-11-23 04:42:56 +0000
